<?xml version="1.0" encoding="UTF-8"?>
<!-- Generated by org.testng.reporters.JUnitXMLReporter -->
<testsuite hostname="prabhat3148296" name="Default test" tests="2" failures="0" timestamp="28 Aug 2018 10:12:49 GMT" time="32.953" errors="0">
  <testcase name="createDealTest" time="31.961" classname="com.qtpselenium.zoho.project.testcases.DealTest"/>
  <testcase name="deleteDealAccountTest" time="0.003" classname="com.qtpselenium.zoho.project.testcases.DealTest">
    <skipped/>
  </testcase> <!-- deleteDealAccountTest -->
</testsuite> <!-- Default test -->
