<?xml version="1.0" encoding="UTF-8"?>
<!-- Generated by org.testng.reporters.JUnitXMLReporter -->
<testsuite hostname="prabhat3148296" name="Deal Test" tests="2" failures="0" timestamp="29 Aug 2018 14:46:48 GMT" time="1.84" errors="0">
  <testcase name="createDealTest" time="0.457" classname="com.qtpselenium.zoho.project.testcases.DealTest">
    <skipped/>
  </testcase> <!-- createDealTest -->
  <testcase name="deleteDealAccountTest" time="0.0" classname="com.qtpselenium.zoho.project.testcases.DealTest">
    <skipped/>
  </testcase> <!-- deleteDealAccountTest -->
</testsuite> <!-- Deal Test -->
