<?xml version="1.0" encoding="UTF-8"?>
<!-- Generated by org.testng.reporters.JUnitXMLReporter -->
<testsuite hostname="prabhat3148296" name="Lead Test" tests="9" failures="0" timestamp="29 Aug 2018 14:46:49 GMT" time="2.209" errors="0">
  <testcase name="createLeadTest" time="0.006" classname="com.qtpselenium.zoho.project.testcases.LeadTest1">
    <skipped/>
  </testcase> <!-- createLeadTest -->
  <testcase name="createLeadTest" time="0.007" classname="com.qtpselenium.zoho.project.testcases.LeadTest1">
    <skipped/>
  </testcase> <!-- createLeadTest -->
  <testcase name="createLeadTest" time="0.452" classname="com.qtpselenium.zoho.project.testcases.LeadTest1">
    <skipped/>
  </testcase> <!-- createLeadTest -->
  <testcase name="createLeadTest" time="0.529" classname="com.qtpselenium.zoho.project.testcases.LeadTest1">
    <skipped/>
  </testcase> <!-- createLeadTest -->
  <testcase name="convertLeadTest" time="0.002" classname="com.qtpselenium.zoho.project.testcases.LeadTest1">
    <skipped/>
  </testcase> <!-- convertLeadTest -->
  <testcase name="convertLeadTest" time="0.071" classname="com.qtpselenium.zoho.project.testcases.LeadTest1">
    <skipped/>
  </testcase> <!-- convertLeadTest -->
  <testcase name="convertLeadTest" time="0.134" classname="com.qtpselenium.zoho.project.testcases.LeadTest1">
    <skipped/>
  </testcase> <!-- convertLeadTest -->
  <testcase name="convertLeadTest" time="0.122" classname="com.qtpselenium.zoho.project.testcases.LeadTest1">
    <skipped/>
  </testcase> <!-- convertLeadTest -->
  <testcase name="deleteLeadAccountTest" time="0.002" classname="com.qtpselenium.zoho.project.testcases.LeadTest1">
    <skipped/>
  </testcase> <!-- deleteLeadAccountTest -->
</testsuite> <!-- Lead Test -->
